Iteration	Posterior	Likelihood	Prior	extirpation_rate	log10_rate_bg	rate_bg
0	-248.0743	-246.3977	-1.676634	1.021812	-2	0.01
100	-202.4087	-199.4	-3.00869	1.702947	-0.6068652	0.2472491
200	-204.5111	-203.1458	-1.365307	0.6602537	-0.678047	0.2098713
300	-203.6018	-202.2282	-1.373586	0.7414335	-0.4402404	0.3628772
400	-202.945	-198.8877	-4.057341	2.194323	-0.5241062	0.2991533
500	-203.0274	-201.4591	-1.568255	0.9474964	-0.3873672	0.4098574
600	-202.3961	-199.0679	-3.328195	1.852417	-0.5665696	0.2712879
700	-202.0107	-199.8147	-2.196012	1.310917	-0.5461294	0.2843614
800	-202.6376	-199.637	-3.000664	1.69918	-0.6386493	0.2298003
900	-203.1803	-201.1773	-2.002992	1.210564	-0.3401871	0.4568914
1000	-202.0036	-199.7095	-2.294129	1.360235	-0.4853356	0.3270878
1100	-204.4541	-200.8843	-3.569794	1.965299	-0.762345	0.1728443
1200	-202.8324	-201.3276	-1.504853	0.8977871	-0.4400817	0.3630098
1300	-202.7831	-201.2786	-1.504558	0.8975388	-0.4515959	0.3535119
1400	-203.6635	-199.0425	-4.620983	2.463292	-0.6322441	0.2332147
1500	-202.4177	-200.4764	-1.941327	1.17723	-0.6106487	0.2451045
1600	-202.0222	-199.4577	-2.56454	1.492404	-0.4968745	0.3185118
1700	-202.9372	-201.4437	-1.493449	0.8880604	-0.5927042	0.255444
1800	-202.6748	-199.1568	-3.517973	1.941072	-0.6069445	0.247204
1900	-203.9505	-199.5941	-4.356349	2.336311	-0.6907623	0.2038157
2000	-204.7775	-200.647	-4.13044	2.228905	-0.3481089	0.4486329
2100	-204.1341	-198.8509	-5.283192	2.787646	-0.5637599	0.2730487
2200	-203.0351	-201.089	-1.946124	1.179851	-0.3520729	0.4445567
2300	-203.3547	-201.2382	-2.116481	1.270187	-0.7098286	0.1950614
2400	-202.7841	-200.9839	-1.800243	1.097526	-0.3808439	0.4160601
2500	-202.1235	-199.5763	-2.547237	1.484072	-0.5783868	0.2640056
2600	-202.347	-200.5892	-1.757794	1.072303	-0.4464865	0.3576955
2700	-202.046	-199.6355	-2.410419	1.41764	-0.5622059	0.2740275
2800	-202.0478	-199.9347	-2.113139	1.268458	-0.5529123	0.2799546
2900	-202.5614	-199.5168	-3.044633	1.719803	-0.6270248	0.2360344
3000	-202.8718	-200.9781	-1.893706	1.150927	-0.6598279	0.2188629
3100	-202.6464	-199.3157	-3.330682	1.853578	-0.4530456	0.3523339
3200	-203.2137	-199.0398	-4.173919	2.249512	-0.4849531	0.327376
3300	-203.1502	-201.3453	-1.804889	1.100246	-0.3478701	0.4488796
3400	-203.7584	-198.831	-4.927461	2.612149	-0.5539674	0.2792754
3500	-203.2638	-198.9848	-4.278944	2.299414	-0.4953312	0.3196456
3600	-201.9787	-199.6043	-2.374405	1.399968	-0.5340593	0.2923753
3700	-203.9932	-202.6274	-1.365784	0.6583617	-0.5310485	0.2944093
3800	-202.4089	-200.0909	-2.318004	1.372105	-0.6252745	0.2369875
3900	-203.3253	-200.7715	-2.553782	1.487225	-0.3411327	0.4558976
4000	-202.1173	-199.2493	-2.86803	1.636794	-0.5457517	0.2846088
4100	-202.8376	-200.9689	-1.868658	1.136866	-0.3715528	0.425057
4200	-202.2117	-199.2115	-3.000206	1.698965	-0.4959379	0.3191994
4300	-202.068	-200.0394	-2.028588	1.224189	-0.4748526	0.3350791
4400	-202.1282	-199.395	-2.733262	1.573028	-0.5689815	0.2697854
4500	-202.4992	-199.7701	-2.729125	1.571063	-0.4194471	0.3806737
4600	-204.8833	-203.0333	-1.850004	1.126282	-0.8049774	0.1566833
4700	-203.6835	-200.3841	-3.299411	1.838972	-0.7204987	0.1903274
4800	-201.9675	-199.7072	-2.260261	1.343315	-0.5122638	0.3074229
4900	-202.5038	-200.8161	-1.687704	1.028906	-0.431928	0.3698895
5000	-202.0377	-199.9411	-2.096548	1.259854	-0.5474578	0.2834929
5100	-203.003	-201.5778	-1.425193	0.8208901	-0.4937481	0.320813
5200	-202.464	-200.311	-2.152975	1.28897	-0.4031521	0.3952281
5300	-202.0936	-200.0181	-2.075494	1.24888	-0.4631581	0.3442246
5400	-202.5095	-199.6444	-2.865171	1.635446	-0.628693	0.2351294
5500	-201.9779	-199.7664	-2.211583	1.318807	-0.5283815	0.2962228
5600	-206.4457	-204.8716	-1.574037	0.9517425	-0.1836666	0.6551389
5700	-202.3998	-199.5825	-2.817279	1.612834	-0.615884	0.2421676
5800	-203.7648	-201.2008	-2.56404	1.492164	-0.7403191	0.1818364
5900	-206.489	-202.1139	-4.375169	2.345298	-0.280893	0.5237295
6000	-203.9263	-199.3671	-4.55921	2.433529	-0.6728341	0.2124056
6100	-202.1164	-199.27	-2.846385	1.626582	-0.5502642	0.2816669
6200	-203.8866	-198.8648	-5.021765	2.658377	-0.5962556	0.2533637
6300	-202.4921	-199.2572	-3.234856	1.808811	-0.6031265	0.2493868
6400	-205.4967	-203.9478	-1.548948	0.5062803	-0.6422719	0.2278915
6500	-202.1181	-200.2495	-1.868577	1.13682	-0.4903171	0.3233575
6600	-202.0251	-200.0053	-2.019793	1.219521	-0.5246319	0.2987914
6700	-202.2854	-199.2929	-2.992453	1.695326	-0.4745253	0.3353318
6800	-202.4143	-199.1104	-3.303866	1.841053	-0.4933214	0.3211283
6900	-203.1965	-201.7962	-1.400317	0.789196	-0.4749322	0.3350177
7000	-203.036	-201.4234	-1.61256	0.9791099	-0.6451965	0.226362
7100	-201.9662	-199.6618	-2.304457	1.365376	-0.5134562	0.30658
7200	-203.3682	-198.9155	-4.452692	2.382385	-0.6028263	0.2495593
7300	-202.6516	-200.2347	-2.416891	1.420807	-0.3889172	0.4083973
7400	-203.0399	-199.4163	-3.623571	1.990456	-0.6492989	0.2242338
7500	-202.1025	-199.858	-2.244449	1.335379	-0.574968	0.2660921
7600	-204.9196	-200.6138	-4.305817	2.312212	-0.3527936	0.4438195
7700	-205.8341	-199.8803	-5.953775	3.127408	-0.4399935	0.3630835
7800	-202.5174	-199.1209	-3.396449	1.884296	-0.5899852	0.2570483
7900	-203.8295	-201.7896	-2.039874	1.230163	-0.2980663	0.5034237
8000	-205.7692	-204.4071	-1.362088	0.6865353	-0.2742066	0.5318552
8100	-203.1446	-199.5929	-3.551699	1.956838	-0.6651133	0.2162154
8200	-202.536	-199.1109	-3.425149	1.897702	-0.485366	0.3270649
8300	-202.1037	-199.2582	-2.845481	1.626156	-0.5425759	0.2866976
8400	-202.2762	-199.242	-3.034231	1.714926	-0.4825998	0.3291548
8500	-202.6385	-198.9291	-3.709479	2.030684	-0.5570898	0.2772747
8600	-202.2655	-199.2582	-3.007278	1.702284	-0.4812389	0.3301878
8700	-202.3986	-200.5328	-1.865746	1.135221	-0.5999774	0.2512017
8800	-202.3533	-199.0715	-3.2818	1.830745	-0.5600536	0.2753889
8900	-202.6434	-201.1286	-1.5148	0.9060402	-0.5031858	0.3139165
9000	-203.638	-198.8973	-4.740627	2.521161	-0.5205469	0.3016151
9100	-202.637	-199.9237	-2.713284	1.563534	-0.64807	0.2248692
9200	-203.0088	-201.5596	-1.449149	0.8467436	-0.5742247	0.2665479
9300	-207.0886	-201.4867	-5.601896	2.947594	-0.3363911	0.4609024
9400	-202.5438	-198.9478	-3.595926	1.977522	-0.5402706	0.2882235
9500	-202.6065	-201.0447	-1.561841	0.9427393	-0.5579412	0.2767316
9600	-202.0416	-199.8377	-2.203837	1.314885	-0.5575767	0.276964
9700	-202.5384	-199.1658	-3.372625	1.873169	-0.5975559	0.2526062
9800	-202.0857	-199.8688	-2.216844	1.321467	-0.570115	0.2690822
9900	-201.9954	-199.6523	-2.34305	1.384507	-0.4901657	0.3234702
10000	-202.6687	-199.4749	-3.193774	1.78961	-0.6324826	0.2330866
10100	-202.0903	-199.6638	-2.42645	1.425479	-0.4645554	0.3431189
10200	-202.917	-200.4131	-2.503885	1.463131	-0.3690284	0.4275349
10300	-202.9227	-199.0156	-3.90706	2.123458	-0.603156	0.2493699
10400	-202.8541	-200.4478	-2.406297	1.415622	-0.370729	0.4258641
10500	-206.5767	-202.4921	-4.084575	2.207198	-0.8565979	0.139124
10600	-207.3064	-200.9245	-6.381873	3.351018	-0.3866635	0.4105221
10700	-205.2938	-203.8187	-1.475146	0.5418529	-0.6729337	0.2123569
10800	-202.9304	-200.6897	-2.240654	1.333471	-0.3604598	0.436054
10900	-202.3332	-199.0844	-3.248799	1.815327	-0.5597072	0.2756086
11000	-202.1052	-199.9694	-2.135791	1.280147	-0.4576726	0.3486
11100	-204.4252	-203.0478	-1.377337	0.750005	-0.7177323	0.1915436
11200	-203.192	-200.694	-2.497939	1.460252	-0.3481736	0.448566
11300	-206.1099	-199.5144	-6.595446	3.464664	-0.6967093	0.2010438
11400	-203.2186	-201.1302	-2.088425	1.255627	-0.6986416	0.2001513
11500	-203.4058	-199.491	-3.91477	2.127086	-0.4281217	0.3731456
11600	-204.9323	-203.2357	-1.696616	1.034565	-0.2447024	0.5692428
11700	-205.3688	-203.7166	-1.652191	1.005875	-0.2259102	0.5944151
11800	-201.9714	-199.5781	-2.393253	1.409228	-0.5119271	0.3076613
11900	-204.5165	-198.8864	-5.630011	2.961835	-0.5796732	0.2632248
12000	-203.764	-199.4309	-4.333113	2.325224	-0.6745548	0.2115657
12100	-202.5577	-200.9737	-1.58397	0.9589463	-0.5576999	0.2768854
12200	-203.3912	-201.394	-1.997229	1.207479	-0.7095201	0.1952
12300	-204.0029	-201.6347	-2.368205	1.396916	-0.2942014	0.5079238
12400	-201.9727	-199.6739	-2.298795	1.362559	-0.5296406	0.2953652
12500	-202.6302	-200.9859	-1.644267	1.000621	-0.4213224	0.3790335
12600	-204.8436	-202.9547	-1.888902	1.148243	-0.8032682	0.1573011
12700	-204.6128	-202.9499	-1.662906	1.01291	-0.2624561	0.5464418
12800	-205.2605	-200.7348	-4.525652	2.417393	-0.7752667	0.1677773
12900	-203.8169	-200.7111	-3.105801	1.748456	-0.7350125	0.1840719
13000	-204.0624	-200.2433	-3.819118	2.082116	-0.3687664	0.4277929
13100	-202.6684	-199.3145	-3.353979	1.86446	-0.4525757	0.3527153
13200	-203.1939	-201.7819	-1.411919	0.8048092	-0.4502207	0.3546331
13300	-202.3749	-200.0341	-2.340809	1.3834	-0.6211544	0.2392465
13400	-203.8346	-198.8469	-4.987715	2.641661	-0.5458811	0.284524
13500	-202.199	-199.3273	-2.871688	1.638519	-0.4789486	0.3319338
13600	-204.316	-199.3861	-4.929897	2.613341	-0.4534857	0.351977
13700	-202.3575	-199.3746	-2.98288	1.690832	-0.5999112	0.25124
13800	-203.5327	-202.0494	-1.483332	0.8791654	-0.3590221	0.4374998
13900	-203.1715	-199.5075	-3.663968	2.009366	-0.6610884	0.2182286
14000	-202.7876	-201.133	-1.65464	1.00749	-0.3976187	0.4002961
14100	-202.4613	-200.4567	-2.004546	1.211394	-0.6211985	0.2392222
14200	-204.4346	-202.9172	-1.517423	0.9081834	-0.7575466	0.1747646
14300	-202.389	-199.1431	-3.245853	1.81395	-0.5795739	0.263285
14400	-203.548	-198.8869	-4.661041	2.482633	-0.6001882	0.2510798
14500	-205.6176	-200.5829	-5.03473	2.664748	-0.3692863	0.4272811
14600	-202.5995	-199.2695	-3.32994	1.853232	-0.6128152	0.2438848
14700	-204.5825	-199.3803	-5.202245	2.74744	-0.6831541	0.2074178
14800	-203.1718	-201.7334	-1.438444	0.8356001	-0.4243861	0.376369
14900	-203.0379	-199.9706	-3.067275	1.730414	-0.3895265	0.4078247
15000	-201.9925	-199.4645	-2.527954	1.474769	-0.5132344	0.3067366
15100	-202.0522	-200.0568	-1.995408	1.206503	-0.4868802	0.3259266
15200	-203.3706	-201.4753	-1.89532	1.151828	-0.3282434	0.4696309
15300	-202.4594	-200.8687	-1.590738	0.9637929	-0.5147151	0.3056926
15400	-201.9886	-199.8485	-2.14016	1.282394	-0.5009427	0.3155421
15500	-202.6579	-198.9964	-3.66154	2.008229	-0.5814532	0.2621481
15600	-202.7434	-201.1233	-1.620087	0.984291	-0.6084966	0.2463221
15700	-203.9191	-198.8614	-5.057697	2.676045	-0.5419933	0.2870825
15800	-202.6096	-200.0841	-2.525509	1.473588	-0.3970921	0.4007817
15900	-202.1617	-200.3516	-1.810028	1.103245	-0.5246229	0.2987976
16000	-202.7282	-199.665	-3.063192	1.728501	-0.6462597	0.2258085
16100	-202.1583	-199.1804	-2.977974	1.688528	-0.5386989	0.2892685
16200	-202.8457	-201.1666	-1.679069	1.023379	-0.387055	0.4101522
16300	-202.8495	-198.8727	-3.976899	2.156354	-0.5420988	0.2870128
16400	-202.8846	-200.4336	-2.450957	1.437433	-0.6749313	0.2113823
16500	-203.8768	-202.1118	-1.765021	1.076647	-0.7359417	0.1836785
16600	-203.7872	-199.1957	-4.591517	2.449085	-0.4673728	0.3409001
16700	-202.0988	-200.2206	-1.878205	1.142245	-0.5163781	0.3045243
16800	-202.0706	-199.3439	-2.726663	1.569893	-0.5486204	0.282735
16900	-203.6626	-201.5818	-2.080819	1.251661	-0.3082	0.491813
17000	-202.231	-200.2076	-2.023435	1.221455	-0.4374883	0.365184
17100	-202.8495	-199.0026	-3.846892	2.095163	-0.5968138	0.2530383
17200	-203.0438	-201.6237	-1.420153	0.8149674	-0.4849599	0.3273709
17300	-204.3312	-202.9671	-1.364126	0.6656858	-0.6550575	0.2212802
17400	-202.7712	-199.0506	-3.720617	2.035904	-0.4874179	0.3255234
17500	-202.3973	-199.1346	-3.262642	1.821795	-0.579292	0.263456
17600	-204.9837	-203.1638	-1.819854	1.108955	-0.8104219	0.1547313
17700	-202.9365	-198.8599	-4.076559	2.203408	-0.5422808	0.2868925
17800	-202.1587	-200.2891	-1.869564	1.137378	-0.5485051	0.2828101
17900	-204.0539	-202.6907	-1.363285	0.704325	-0.4071574	0.3915999
18000	-203.2343	-201.6954	-1.538883	0.9252594	-0.3724591	0.424171
18100	-202.6024	-201.0732	-1.529168	0.9176259	-0.507763	0.3106254
18200	-203.4209	-201.0584	-2.362515	1.394113	-0.3283902	0.4694721
18300	-202.0651	-199.2893	-2.775817	1.593213	-0.5236483	0.2994689
18400	-203.2069	-200.6205	-2.58647	1.502946	-0.7007504	0.1991818
18500	-202.4641	-200.3452	-2.118864	1.271419	-0.4032383	0.3951498
18600	-202.6944	-201.0346	-1.659801	1.010879	-0.6106537	0.2451017
18700	-202.8038	-198.886	-3.917861	2.128542	-0.5583139	0.2764943
18800	-203.4928	-199.3322	-4.160608	2.2432	-0.4460271	0.3580741
18900	-203.3993	-201.9748	-1.424503	0.8200902	-0.4013765	0.3968474
19000	-203.9232	-201.4762	-2.447012	1.435511	-0.7510769	0.1773876
19100	-202.3613	-199.3812	-2.980076	1.689515	-0.6007813	0.2507371
19200	-206.248	-204.4239	-1.824158	1.111446	-0.185169	0.6528764
19300	-202.7215	-199.8885	-2.833004	1.620264	-0.402589	0.3957409
19400	-202.1702	-200.3608	-1.80939	1.102873	-0.5304881	0.2947894
19500	-203.2099	-201.7969	-1.413058	0.8062541	-0.5804688	0.2627431
19600	-204.4289	-203.0641	-1.364821	0.7131827	-0.7016005	0.1987923
19700	-202.5597	-200.6081	-1.951622	1.182848	-0.3960889	0.4017086
19800	-203.8478	-199.7399	-4.107966	2.218265	-0.6974915	0.2006821
19900	-202.0528	-199.6426	-2.41025	1.417557	-0.5641959	0.2727747
20000	-202.0158	-199.6438	-2.371957	1.398763	-0.5527721	0.280045
20100	-202.3617	-199.4544	-2.907315	1.655304	-0.6055472	0.2480006
20200	-204.2803	-199.2131	-5.06717	2.680709	-0.475807	0.3343436
20300	-202.8075	-201.1667	-1.640792	0.9983018	-0.6224481	0.2385349
20400	-203.1369	-198.8936	-4.24332	2.282467	-0.5886784	0.257823
20500	-202.122	-200.1834	-1.938601	1.175739	-0.4695953	0.3391601
20600	-203.238	-201.3094	-1.928635	1.170271	-0.6947104	0.2019713
20700	-204.3356	-198.868	-5.467607	2.879872	-0.5818777	0.261892
20800	-202.4843	-199.6441	-2.840256	1.623689	-0.6264441	0.2363501
20900	-202.1955	-199.3907	-2.804896	1.606978	-0.5804448	0.2627575
21000	-204.715	-199.0577	-5.657217	2.975635	-0.6410084	0.2285555
21100	-203.4565	-201.8655	-1.591024	0.9639966	-0.6852742	0.2064077
21200	-202.1204	-199.2137	-2.906645	1.654989	-0.5273133	0.2969523
21300	-201.9758	-199.7413	-2.234453	1.33035	-0.5288189	0.2959246
21400	-203.7163	-200.7774	-2.938895	1.670163	-0.3341273	0.4633111
21500	-203.388	-199.1045	-4.283487	2.301577	-0.4753615	0.3346867
21600	-204.0943	-198.846	-5.248275	2.770282	-0.5661094	0.2715755
21700	-202.3543	-200.5418	-1.812544	1.10471	-0.4352409	0.3670786
21800	-202.5153	-200.9377	-1.577557	0.9543081	-0.5369664	0.2904248
21900	-203.0679	-199.6866	-3.381265	1.877204	-0.6665971	0.215478
22000	-204.7816	-199.2624	-5.519224	2.905845	-0.6715348	0.213042
22100	-203.668	-198.8642	-4.80388	2.551879	-0.5323113	0.2935545
22200	-202.0908	-200.031	-2.05977	1.240642	-0.5605604	0.2750677
22300	-202.1212	-199.2237	-2.897532	1.650698	-0.5163437	0.3045484
22400	-202.9724	-201.5205	-1.451863	0.8494804	-0.4525954	0.3526993
22500	-203.349	-200.7549	-2.594111	1.506614	-0.3411654	0.4558633
22600	-202.3039	-200.5722	-1.731709	1.056432	-0.5520564	0.2805069
22700	-202.7755	-201.2028	-1.572701	0.9507647	-0.4191173	0.380963
22800	-202.28	-200.4395	-1.840467	1.120832	-0.4453312	0.3586483
22900	-203.4114	-201.9881	-1.423234	0.8186115	-0.4007266	0.3974416
23000	-202.6853	-201.1737	-1.511591	0.9033988	-0.4767222	0.3336398
23100	-202.4694	-200.2817	-2.187642	1.306665	-0.4026509	0.3956846
23200	-202.4673	-199.4124	-3.05493	1.724629	-0.6130823	0.2437349
23300	-204.8677	-202.0738	-2.79384	1.601747	-0.2666885	0.5411423
23400	-202.0824	-199.9481	-2.134239	1.279348	-0.56482	0.272383
23500	-202.2112	-200.3303	-1.880864	1.143739	-0.5662413	0.271493
23600	-202.0331	-199.5654	-2.467705	1.445582	-0.5566081	0.2775824
23700	-203.054	-198.9852	-4.068775	2.199728	-0.4955371	0.3194941
23800	-202.0637	-199.7214	-2.342282	1.384128	-0.4676428	0.3406883
23900	-202.5857	-200.9936	-1.592117	0.9647746	-0.4468336	0.3574098
24000	-203.7828	-198.9564	-4.826397	2.562835	-0.6198922	0.2399428
24100	-202.2525	-200.0527	-2.199748	1.312812	-0.601167	0.2505146
24200	-202.8542	-201.3798	-1.474361	0.8710414	-0.4602112	0.3465683
24300	-201.9814	-199.7125	-2.268952	1.347666	-0.5354901	0.2914137
24400	-204.0859	-199.4111	-4.674722	2.489247	-0.445521	0.3584916
24500	-206.5835	-201.0357	-5.547786	2.920248	-0.3573657	0.4391716
24600	-202.5837	-199.4702	-3.113467	1.752044	-0.6261229	0.2365251
24700	-202.1354	-200.3016	-1.83374	1.116971	-0.5190501	0.3026565
24800	-205.3763	-199.0588	-6.317507	3.317046	-0.6259949	0.2365947
24900	-201.9706	-199.6966	-2.273986	1.350184	-0.5056707	0.3121255
25000	-202.5577	-198.9631	-3.594581	1.976893	-0.5596637	0.2756362
25100	-202.068	-199.9247	-2.143319	1.284017	-0.466637	0.3414782
25200	-203.6398	-200.7013	-2.938495	1.669975	-0.7267988	0.1875863
25300	-203.5836	-199.5293	-4.054281	2.192877	-0.4254547	0.3754441
25400	-202.6698	-200.7877	-1.882111	1.144439	-0.3874	0.4098265
25500	-202.2663	-200.5451	-1.721241	1.049974	-0.5305996	0.2947137
25600	-204.0636	-202.0385	-2.025125	1.222353	-0.7573592	0.17484
25700	-202.021	-200.0062	-2.014812	1.21687	-0.5124455	0.3072943
25800	-203.7841	-199.0701	-4.713975	2.508244	-0.6383625	0.2299522
25900	-206.751	-203.6587	-3.092286	1.742128	-0.2023105	0.6276095
26000	-202.5904	-200.8196	-1.770857	1.08014	-0.4054333	0.3931576
26100	-203.9866	-198.9126	-5.074008	2.684077	-0.5258586	0.2979486
26200	-201.9891	-199.5453	-2.443809	1.43395	-0.5375266	0.2900504
26300	-202.4959	-200.677	-1.818929	1.108419	-0.4126446	0.3866833
26400	-202.1652	-200.2872	-1.878003	1.142131	-0.4672536	0.3409937
26500	-202.2657	-199.3665	-2.899238	1.651501	-0.4673371	0.3409281
26600	-202.1396	-199.2853	-2.854286	1.630311	-0.4943301	0.3203833
26700	-203.5512	-198.8975	-4.653681	2.479077	-0.6030577	0.2494264
26800	-202.6876	-201.0385	-1.649053	1.003799	-0.4117274	0.3875008
26900	-202.2832	-200.5791	-1.704111	1.039289	-0.4888544	0.3244484
27000	-203.4583	-201.3204	-2.137917	1.281241	-0.321471	0.4770117
27100	-202.4345	-199.6508	-2.783691	1.596943	-0.622023	0.2387685
27200	-202.8982	-199.4289	-3.469336	1.918344	-0.6432458	0.227381
27300	-202.4689	-200.5548	-1.914134	1.162276	-0.4086766	0.3902324
27400	-203.688	-198.8451	-4.842912	2.570877	-0.5413916	0.2874805
27500	-203.3259	-201.6451	-1.68085	1.024523	-0.3426507	0.4543069
27600	-202.1627	-200.3418	-1.820938	1.109583	-0.5323988	0.2934953
27700	-202.6454	-201.0863	-1.559161	0.9407358	-0.5669533	0.2710483
27800	-202.6828	-199.7163	-2.966511	1.683144	-0.645232	0.2263435
27900	-202.9358	-199.7167	-3.219105	1.80145	-0.6612065	0.2181692
28000	-203.72	-198.8911	-4.828976	2.56409	-0.5243346	0.298996
28100	-202.8631	-201.2452	-1.617854	0.9827595	-0.6249057	0.2371889
28200	-202.6246	-200.9944	-1.630157	0.991148	-0.4259164	0.3750452
28300	-203.6158	-201.6755	-1.940269	1.176651	-0.3112795	0.488338
28400	-202.1132	-200.1285	-1.984654	1.200728	-0.5573762	0.2770919
28500	-202.243	-199.1059	-3.137128	1.763117	-0.5231126	0.2998385
28600	-203.5145	-199.1556	-4.358922	2.33754	-0.4690442	0.3395907
28700	-205.0174	-199.8104	-5.207053	2.749823	-0.4237666	0.3769063
28800	-202.8857	-200.625	-2.260664	1.343516	-0.3644206	0.4320952
28900	-202.1833	-199.4601	-2.723161	1.568229	-0.4660084	0.3419728
29000	-202.2798	-199.856	-2.423746	1.424158	-0.6082051	0.2464875
29100	-202.7699	-199.004	-3.765898	2.057136	-0.4966937	0.3186444
29200	-202.3724	-199.3584	-3.014014	1.705444	-0.6002834	0.2510248
29300	-203.0107	-201.2896	-1.721074	1.049871	-0.3657081	0.4308161
29400	-202.0983	-200.1133	-1.984996	1.200912	-0.4702372	0.3386591
29500	-204.7718	-198.9219	-5.849889	3.073957	-0.5914312	0.2561939
29600	-202.9141	-201.4475	-1.466629	0.8638376	-0.4518223	0.3533277
29700	-202.052	-199.3128	-2.739175	1.575836	-0.5205525	0.3016112
29800	-204.0638	-200.9389	-3.124947	1.757417	-0.7504458	0.1776455
29900	-202.5506	-200.662	-1.888565	1.148055	-0.4002554	0.3978731
30000	-204.9289	-200.1921	-4.736782	2.519297	-0.7443696	0.1801484
30100	-203.0047	-199.8872	-3.117591	1.753975	-0.3958331	0.4019452
30200	-203.5361	-198.9298	-4.606293	2.456207	-0.5100425	0.3089993
30300	-202.0746	-200.0821	-1.992502	1.204945	-0.477413	0.3331095
30400	-202.5268	-199.5563	-2.970459	1.684998	-0.6262617	0.2364494
30500	-202.0137	-199.4037	-2.609924	1.514198	-0.5127181	0.3071015
30600	-202.0966	-199.9467	-2.149973	1.287432	-0.4592385	0.3473454
30700	-203.9468	-198.9884	-4.958375	2.62728	-0.6277679	0.2356308
30800	-204.6138	-203.2006	-1.413196	0.5857512	-0.5679868	0.2704041
30900	-204.0713	-200.8652	-3.206149	1.795395	-0.3279045	0.4699975
31000	-203.0136	-199.5616	-3.452087	1.910285	-0.6572835	0.2201489
31100	-202.6038	-199.2679	-3.335881	1.856007	-0.4599969	0.3467393
31200	-202.8429	-199.6287	-3.214175	1.799146	-0.4184483	0.3815502
31300	-205.1211	-199.4121	-5.70895	3.001933	-0.4732252	0.3363371
31400	-203.1858	-200.3953	-2.790558	1.600194	-0.6963138	0.201227
31500	-202.1995	-200.4004	-1.79908	1.096844	-0.4773193	0.3331814
31600	-202.6091	-200.0262	-2.582924	1.501243	-0.3997387	0.3983468
31700	-203.3561	-201.7861	-1.569953	0.9487476	-0.3545363	0.4420421
31800	-202.9464	-199.434	-3.512368	1.938453	-0.6460585	0.2259131
31900	-202.1144	-199.2609	-2.853539	1.629959	-0.505761	0.3120607
32000	-203.4293	-201.5979	-1.831389	1.115618	-0.3259911	0.4720727
32100	-202.4641	-199.4187	-3.045409	1.720167	-0.4489643	0.3556606
32200	-202.3983	-200.0353	-2.363016	1.39436	-0.4139171	0.385552
32300	-202.1409	-199.3134	-2.827533	1.61768	-0.4893112	0.3241073
32400	-202.2165	-199.1614	-3.055098	1.724708	-0.5072188	0.3110149
32500	-202.7358	-198.9141	-3.821653	2.083306	-0.5649377	0.2723092
32600	-202.2154	-199.3291	-2.886275	1.645395	-0.5783041	0.2640559
32700	-203.0157	-198.9301	-4.085662	2.207712	-0.5918663	0.2559374
32800	-203.6897	-201.1598	-2.529933	1.475724	-0.3172819	0.4816351
32900	-202.2739	-199.0882	-3.185693	1.785831	-0.5210716	0.3012509
33000	-202.9339	-199.0752	-3.858646	2.100687	-0.6123502	0.2441461
33100	-203.695	-199.7081	-3.986968	2.161102	-0.6913988	0.2035172
33200	-203.1874	-201.4506	-1.736894	1.059611	-0.6775449	0.210114
33300	-203.5744	-201.4207	-2.153637	1.28931	-0.7265023	0.1877144
33400	-202.9076	-200.3878	-2.519801	1.47083	-0.6766822	0.2105318
33500	-203.1518	-198.853	-4.298833	2.308885	-0.5337491	0.2925842
33600	-203.0071	-199.8396	-3.167552	1.777349	-0.3992367	0.3988075
33700	-203.2332	-199.3134	-3.919823	2.129465	-0.4467933	0.3574429
33800	-202.7743	-200.8204	-1.953923	1.184101	-0.3742695	0.4224064
33900	-202.7423	-198.9602	-3.782081	2.064729	-0.5083828	0.3101824
34000	-206.6447	-204.3028	-2.341883	1.383931	-0.8958959	0.1270879
34100	-204.8767	-201.6153	-3.26145	1.821238	-0.2888666	0.5142015
34200	-203.7276	-202.271	-1.456601	0.8541811	-0.3504005	0.4462719
34300	-202.4009	-199.024	-3.376847	1.87514	-0.5536156	0.2795017
34400	-203.2446	-201.8106	-1.433982	0.8307721	-0.4162121	0.3835199
34500	-202.0528	-199.5452	-2.507593	1.464926	-0.4793572	0.3316216
34600	-203.085	-200.1925	-2.892518	1.648336	-0.3747932	0.4218974
34700	-203.3136	-201.0161	-2.297421	1.361875	-0.7091601	0.1953619
34800	-203.3752	-200.4298	-2.945382	1.673214	-0.3565691	0.4399779
34900	-203.5193	-201.4575	-2.061737	1.241674	-0.3170018	0.4819458
35000	-202.2823	-200.0978	-2.18446	1.305047	-0.6052337	0.2481797
35100	-202.4254	-199.5087	-2.91664	1.659694	-0.6148922	0.2427212
35200	-202.1624	-199.8751	-2.287333	1.356848	-0.4457838	0.3582747
35300	-202.1879	-200.0132	-2.174725	1.300088	-0.4407784	0.3624279
35400	-202.0703	-199.2819	-2.788409	1.599177	-0.5286322	0.2960518
35500	-202.8815	-201.4013	-1.480179	0.8763365	-0.5714242	0.2682722
35600	-202.8839	-199.5625	-3.321441	1.849262	-0.6506204	0.2235525
35700	-202.6332	-200.7208	-1.912337	1.161281	-0.6357021	0.2313651
35800	-204.3395	-200.6793	-3.660224	2.007613	-0.752443	0.1768304
35900	-203.1229	-201.0537	-2.0692	1.245587	-0.3441528	0.4527383
36000	-202.1281	-199.2124	-2.915739	1.65927	-0.5184087	0.3031038
36100	-203.4253	-200.5393	-2.886019	1.645274	-0.7126722	0.1937884
36200	-202.883	-201.4163	-1.46676	0.8639616	-0.4602853	0.3465091
36300	-202.344	-200.2813	-2.062764	1.242213	-0.4189232	0.3811333
36400	-202.7791	-200.3835	-2.395618	1.410387	-0.3767357	0.4200145
36500	-202.1976	-199.1369	-3.060696	1.727331	-0.5277186	0.2966753
36600	-202.0319	-199.736	-2.295896	1.361115	-0.5578245	0.276806
36700	-204.4054	-203.0177	-1.387658	0.6138067	-0.5862603	0.2592625
36800	-202.0001	-199.6319	-2.368208	1.396918	-0.4890943	0.3242692
36900	-204.3583	-199.1263	-5.231965	2.762183	-0.652384	0.2226466
37000	-202.8137	-201.0626	-1.751172	1.068302	-0.6408104	0.2286597
37100	-202.1699	-199.7924	-2.377455	1.401467	-0.4467625	0.3574683
37200	-202.82	-200.5653	-2.254763	1.340558	-0.6679967	0.2147847
37300	-202.5137	-199.4604	-3.05328	1.723856	-0.6200238	0.2398701
37400	-203.0748	-200.4429	-2.631897	1.524718	-0.6897961	0.2042697
37500	-203.0892	-200.4247	-2.664505	1.540298	-0.3625513	0.433959
37600	-202.4803	-199.2399	-3.240373	1.81139	-0.6004298	0.2509402
37700	-203.0504	-201.0415	-2.008922	1.21373	-0.3499269	0.4467587
37800	-205.5422	-199.7975	-5.744658	3.020128	-0.7251229	0.1883116
37900	-203.5119	-199.8689	-3.642971	1.999536	-0.3943834	0.4032892
38000	-203.696	-198.8552	-4.840804	2.56985	-0.5367779	0.2905508
38100	-202.4504	-199.4459	-3.004401	1.700934	-0.6136783	0.2434006
38200	-202.8106	-201.2989	-1.51171	0.9034973	-0.4403248	0.3628066
38300	-202.3126	-200.3122	-2.000419	1.209187	-0.5998677	0.2512652
38400	-202.0015	-199.4249	-2.576595	1.498202	-0.5205827	0.3015903
38500	-202.9471	-200.804	-2.143074	1.283891	-0.3579195	0.438612
38600	-202.5258	-200.741	-1.784804	1.088432	-0.412318	0.3869742
38700	-202.1444	-200.3253	-1.819142	1.108542	-0.5089046	0.30981
38800	-202.3443	-200.0003	-2.343995	1.384974	-0.420039	0.3801552
38900	-204.1764	-200.1823	-3.994104	2.164467	-0.7286497	0.1867886
39000	-202.3181	-199.0536	-3.264527	1.822676	-0.5413587	0.2875023
39100	-204.0939	-198.9026	-5.19128	2.742006	-0.6085892	0.2462696
39200	-202.7962	-199.0553	-3.74093	2.045426	-0.6018912	0.2500972
39300	-202.3765	-200.1204	-2.256095	1.341226	-0.6202229	0.2397602
39400	-205.908	-199.2303	-6.677665	3.508796	-0.5404949	0.2880747
39500	-202.9116	-199.2891	-3.622467	1.98994	-0.4510026	0.3539952
39600	-203.1698	-199.4411	-3.728726	2.039705	-0.6566025	0.2204944
39700	-202.5021	-200.7367	-1.76537	1.076856	-0.4181458	0.3818161
39800	-202.2054	-200.4201	-1.785362	1.088762	-0.4804872	0.3307599
39900	-204.4474	-198.8924	-5.554996	2.923887	-0.5961418	0.2534301
40000	-202.7325	-200.2786	-2.453914	1.438873	-0.3827721	0.414217
40100	-202.4521	-200.268	-2.184157	1.304893	-0.4045759	0.3939346
40200	-204.0321	-199.8398	-4.192281	2.258224	-0.7078615	0.195947
40300	-202.3466	-199.0431	-3.303503	1.840883	-0.5470275	0.2837739
40400	-203.2191	-199.1896	-4.029474	2.18116	-0.4622318	0.3449595
40500	-202.0847	-199.2669	-2.817781	1.613071	-0.5346325	0.2919897
40600	-201.9746	-199.5446	-2.430036	1.427231	-0.5143296	0.305964
40700	-204.7495	-200.1403	-4.609195	2.457606	-0.7387229	0.182506
40800	-202.4974	-198.971	-3.526398	1.94501	-0.5498689	0.2819234
40900	-202.5207	-200.1787	-2.341984	1.38398	-0.3996853	0.3983957
41000	-201.9804	-199.7147	-2.265714	1.346046	-0.5346367	0.2919869
41100	-203.0677	-198.8782	-4.189491	2.2569	-0.5241583	0.2991174
41200	-205.8739	-200.4585	-5.415409	2.853678	-0.7699802	0.1698321
41300	-202.5152	-199.8356	-2.67956	1.547478	-0.4146588	0.384894
41400	-202.369	-199.8011	-2.567929	1.494035	-0.6191727	0.2403407
41500	-202.0091	-199.4333	-2.575859	1.497848	-0.5074353	0.3108599
41600	-202.3228	-200.0117	-2.311111	1.368683	-0.6138838	0.2432855
41700	-202.4046	-199.0044	-3.400253	1.886073	-0.5368561	0.2904985
41800	-203.1669	-199.3714	-3.795561	2.071055	-0.440217	0.3628967
41900	-203.2633	-201.7957	-1.467645	0.8647955	-0.3933015	0.4042951
42000	-203.569	-201.9224	-1.64656	1.002146	-0.702489	0.198386
42100	-204.3145	-202.9312	-1.383303	0.6200234	-0.5175337	0.3037151
42200	-202.0293	-199.9493	-2.080035	1.251252	-0.4840166	0.3280827
42300	-202.672	-200.9451	-1.726851	1.053442	-0.4006711	0.3974924
42400	-203.9429	-198.8777	-5.06526	2.679768	-0.5360294	0.291052
42500	-202.0544	-200.0604	-1.993952	1.205723	-0.5369081	0.2904637
42600	-202.5682	-201.021	-1.547195	0.9316745	-0.5266991	0.2973726
42700	-204.5873	-201.1857	-3.401618	1.88671	-0.7748591	0.1679349
42800	-202.8119	-200.6876	-2.12433	1.274241	-0.3690339	0.4275295
42900	-202.6973	-201.1859	-1.511356	0.9032054	-0.4718755	0.337384
43000	-202.153	-199.2626	-2.890371	1.647324	-0.4959892	0.3191617
43100	-201.9851	-199.6015	-2.383597	1.404486	-0.5382174	0.2895893
43200	-201.9792	-199.7771	-2.202063	1.313986	-0.5283118	0.2962704
43300	-202.0529	-200.0986	-1.954249	1.184279	-0.5016133	0.3150552
43400	-202.6636	-199.563	-3.100602	1.746022	-0.6369969	0.2306763
43500	-203.9015	-199.942	-3.959449	2.148129	-0.7098965	0.1950309
43600	-203.0082	-200.6775	-2.330728	1.378411	-0.356353	0.4401969
43700	-202.5517	-198.948	-3.603705	1.981161	-0.5480714	0.2830926
43800	-203.0671	-199.6243	-3.442734	1.905916	-0.4158908	0.3838037
43900	-202.0269	-200.0251	-2.001798	1.209925	-0.5083946	0.310174
44000	-203.9956	-202.0394	-1.95619	1.185334	-0.7514269	0.1772446
44100	-204.3786	-202.9968	-1.381875	0.6222141	-0.6012461	0.250469
44200	-202.0141	-199.5112	-2.502945	1.462676	-0.54715	0.2836939
44300	-203.228	-199.2219	-4.006128	2.17014	-0.457995	0.3483413
44400	-202.8635	-201.3884	-1.475119	0.871737	-0.5617815	0.2742954
44500	-202.7872	-200.4199	-2.367305	1.396473	-0.3751951	0.4215071
44600	-201.9787	-199.7294	-2.249235	1.337783	-0.4987391	0.3171472
44700	-203.0708	-201.6586	-1.412169	0.8051272	-0.511302	0.3081045
44800	-202.2976	-200.1235	-2.174101	1.29977	-0.4239011	0.3767896
44900	-203.1439	-201.3354	-1.808494	1.10235	-0.3481879	0.4485513
45000	-202.2941	-200.1303	-2.163782	1.294501	-0.6062571	0.2475956
45100	-202.007	-199.5857	-2.421286	1.422956	-0.5482161	0.2829983
45200	-202.5402	-198.9742	-3.566006	1.963528	-0.5613209	0.2745865
45300	-204.8354	-203.4205	-1.414866	0.584236	-0.6475257	0.2251512
45400	-201.9973	-199.4385	-2.558788	1.489636	-0.5200594	0.3019538
45500	-205.7467	-200.9006	-4.846151	2.572455	-0.3476383	0.4491192
45600	-203.3755	-200.9037	-2.471841	1.447591	-0.3347761	0.4626195
45700	-202.3339	-199.075	-3.25886	1.820028	-0.5570772	0.2772827
45800	-203.657	-198.8917	-4.765288	2.533127	-0.5226309	0.3001713
45900	-203.7131	-202.3502	-1.362881	0.7011353	-0.5549376	0.2786521
46000	-202.2343	-200.357	-1.87729	1.141731	-0.4496517	0.3550981
46100	-203.283	-200.9043	-2.378683	1.402071	-0.3379584	0.459242
46200	-201.9673	-199.6639	-2.303308	1.364804	-0.5105285	0.3086537
46300	-203.0316	-199.4282	-3.603457	1.981045	-0.4347154	0.367523
46400	-202.5118	-200.9387	-1.573042	0.9510145	-0.485648	0.3268527
46500	-202.5325	-200.7711	-1.761415	1.074482	-0.4143322	0.3851836
46600	-202.4126	-199.2714	-3.141263	1.765052	-0.5970669	0.2528908
46700	-202.4391	-200.6059	-1.833157	1.116635	-0.419151	0.3809334
46800	-202.0737	-199.9546	-2.119172	1.271578	-0.5613522	0.2745667
46900	-203.0789	-201.6451	-1.433797	0.830569	-0.5747745	0.2662107
47000	-203.0751	-199.7772	-3.297885	1.838259	-0.6712286	0.2131923
47100	-203.3428	-199.3894	-3.953377	2.145268	-0.43854	0.3643007
47200	-202.2542	-199.3607	-2.893426	1.648764	-0.4690401	0.3395939
47300	-202.1727	-200.3611	-1.811577	1.104148	-0.5332154	0.292944
47400	-204.0955	-201.8273	-2.268171	1.347275	-0.7618056	0.1730591
47500	-202.0536	-200.0534	-2.000236	1.209089	-0.5380558	0.2896971
47600	-202.4601	-199.9101	-2.549981	1.485394	-0.4140045	0.3854744
47700	-202.9634	-199.3842	-3.57918	1.969689	-0.4398533	0.3632007
47800	-202.2864	-200.1254	-2.161063	1.293111	-0.4255163	0.3753909
47900	-203.8244	-200.3349	-3.489515	1.927773	-0.7241447	0.1887362
48000	-202.7062	-199.2351	-3.47108	1.919159	-0.461155	0.345816
48100	-204.7763	-203.3411	-1.435221	0.5676634	-0.558572	0.2763299
48200	-203.1914	-201.055	-2.136431	1.280476	-0.3394948	0.4576203
48300	-203.3807	-200.4835	-2.897164	1.650524	-0.3535387	0.4430588
48400	-202.0201	-199.7987	-2.221443	1.32379	-0.5513321	0.2809752
48500	-202.5643	-199.3081	-3.256206	1.818788	-0.4565966	0.3494647
48600	-204.0528	-200.3619	-3.69082	2.021942	-0.3600633	0.4364522
48700	-202.5317	-199.7048	-2.826924	1.617392	-0.6328818	0.2328725
48800	-202.5065	-199.02	-3.48655	1.926388	-0.5070204	0.3111571
48900	-203.364	-201.4807	-1.883323	1.145119	-0.7028403	0.1982256
49000	-203.7883	-202.4169	-1.371381	0.7357786	-0.6278273	0.2355986
49100	-202.1374	-199.3076	-2.829744	1.618724	-0.4908682	0.3229474
49200	-202.2087	-200.1542	-2.054476	1.237859	-0.5863345	0.2592182
49300	-202.347	-199.0826	-3.264418	1.822624	-0.5071609	0.3110564
49400	-203.5685	-201.0519	-2.516587	1.469277	-0.7274826	0.1872912
49500	-204.3379	-199.622	-4.715867	2.50916	-0.4273462	0.3738125
49600	-202.628	-199.6531	-2.974901	1.687085	-0.6386311	0.22981
49700	-204.2665	-199.003	-5.263551	2.777875	-0.5126226	0.307169
49800	-202.4376	-199.5234	-2.914187	1.65854	-0.6167948	0.2416602
49900	-202.0209	-199.858	-2.162916	1.294059	-0.4808291	0.3304996
50000	-202.3381	-199.5876	-2.750551	1.581235	-0.6095538	0.2457232
